<?xml version="1.0" encoding="UTF-8"?>
<testsuite xmlns:xsi="http://www.w3.org/2001/XMLSchema-instance" xsi:noNamespaceSchemaLocation="https://maven.apache.org/surefire/maven-surefire-plugin/xsd/surefire-test-report-3.0.xsd" version="3.0" name="TestEntities.TestMiembro" time="0.112" tests="5" errors="0" skipped="0" failures="1">
  <properties>
[...]
</properties>
  <testcase name="testAgregarComunidadAMiembro" classname="TestEntities.TestMiembro" time="0.04">
    <failure message="expected: &lt;1&gt; but was: &lt;2&gt;" type="org.opentest4j.AssertionFailedError"><![CDATA[org.opentest4j.AssertionFailedError: expected: <1> but was: <2>
	at org.junit.jupiter.api.AssertionFailureBuilder.build(AssertionFailureBuilder.java:151)
	at org.junit.jupiter.api.AssertionFailureBuilder.buildAndThrow(AssertionFailureBuilder.java:132)
	at org.junit.jupiter.api.AssertEquals.failNotEqual(AssertEquals.java:197)
	at org.junit.jupiter.api.AssertEquals.assertEquals(AssertEquals.java:182)
	at org.junit.jupiter.api.AssertEquals.assertEquals(AssertEquals.java:177)
	at org.junit.jupiter.api.Assertions.assertEquals(Assertions.java:551)
	at TestEntities.TestMiembro.testAgregarComunidadAMiembro(TestMiembro.java:87)
	at java.base/jdk.internal.reflect.DirectMethodHandleAccessor.invoke(DirectMethodHandleAccessor.java:104)
	at java.base/java.lang.reflect.Method.invoke(Method.java:578)
	at org.junit.platform.commons.util.ReflectionUtils.invokeMethod(ReflectionUtils.java:727)
	at org.junit.jupiter.engine.execution.MethodInvocation.proceed(MethodInvocation.java:60)
	at org.junit.jupiter.engine.execution.InvocationInterceptorChain$ValidatingInvocation.proceed(InvocationInterceptorChain.java:131)
	at org.junit.jupiter.engine.extension.TimeoutExtension.intercept(TimeoutExtension.java:156)
	at org.junit.jupiter.engine.extension.TimeoutExtension.interceptTestableMethod(TimeoutExtension.java:147)
	at org.junit.jupiter.engine.extension.TimeoutExtension.interceptTestMethod(TimeoutExtension.java:86)
	at org.junit.jupiter.engine.execution.InterceptingExecutableInvoker$ReflectiveInterceptorCall.lambda$ofVoidMethod$0(InterceptingExecutableInvoker.java:103)
	at org.junit.jupiter.engine.execution.InterceptingExecutableInvoker.lambda$invoke$0(InterceptingExecutableInvoker.java:93)
	at org.junit.jupiter.engine.execution.InvocationInterceptorChain$InterceptedInvocation.proceed(InvocationInterceptorChain.java:106)
	at org.junit.jupiter.engine.execution.InvocationInterceptorChain.proceed(InvocationInterceptorChain.java:64)
	at org.junit.jupiter.engine.execution.InvocationInterceptorChain.chainAndInvoke(InvocationInterceptorChain.java:45)
	at org.junit.jupiter.engine.execution.InvocationInterceptorChain.invoke(InvocationInterceptorChain.java:37)
	at org.junit.jupiter.engine.execution.InterceptingExecutableInvoker.invoke(InterceptingExecutableInvoker.java:92)
	at org.junit.jupiter.engine.execution.InterceptingExecutableInvoker.invoke(InterceptingExecutableInvoker.java:86)
	at org.junit.jupiter.engine.descriptor.TestMethodTestDescriptor.lambda$invokeTestMethod$7(TestMethodTestDescriptor.java:217)
	at org.junit.platform.engine.support.hierarchical.ThrowableCollector.execute(ThrowableCollector.java:73)
	at org.junit.jupiter.engine.descriptor.TestMethodTestDescriptor.invokeTestMethod(TestMethodTestDescriptor.java:213)
	at org.junit.jupiter.engine.descriptor.TestMethodTestDescriptor.execute(TestMethodTestDescriptor.java:138)
	at org.junit.jupiter.engine.descriptor.TestMethodTestDescriptor.execute(TestMethodTestDescriptor.java:68)
	at org.junit.platform.engine.support.hierarchical.NodeTestTask.lambda$executeRecursively$6(NodeTestTask.java:151)
	at org.junit.platform.engine.support.hierarchical.ThrowableCollector.execute(ThrowableCollector.java:73)
	at org.junit.platform.engine.support.hierarchical.NodeTestTask.lambda$executeRecursively$8(NodeTestTask.java:141)
	at org.junit.platform.engine.support.hierarchical.Node.around(Node.java:137)
	at org.junit.platform.engine.support.hierarchical.NodeTestTask.lambda$executeRecursively$9(NodeTestTask.java:139)
	at org.junit.platform.engine.support.hierarchical.ThrowableCollector.execute(ThrowableCollector.java:73)
	at org.junit.platform.engine.support.hierarchical.NodeTestTask.executeRecursively(NodeTestTask.java:138)
	at org.junit.platform.engine.support.hierarchical.NodeTestTask.execute(NodeTestTask.java:95)
	at java.base/java.util.ArrayList.forEach(ArrayList.java:1511)
	at org.junit.platform.engine.support.hierarchical.SameThreadHierarchicalTestExecutorService.invokeAll(SameThreadHierarchicalTestExecutorService.java:41)
	at org.junit.platform.engine.support.hierarchical.NodeTestTask.lambda$executeRecursively$6(NodeTestTask.java:155)
	at org.junit.platform.engine.support.hierarchical.ThrowableCollector.execute(ThrowableCollector.java:73)
	at org.junit.platform.engine.support.hierarchical.NodeTestTask.lambda$executeRecursively$8(NodeTestTask.java:141)
	at org.junit.platform.engine.support.hierarchical.Node.around(Node.java:137)
	at org.junit.platform.engine.support.hierarchical.NodeTestTask.lambda$executeRecursively$9(NodeTestTask.java:139)
	at org.junit.platform.engine.support.hierarchical.ThrowableCollector.execute(ThrowableCollector.java:73)
	at org.junit.platform.engine.support.hierarchical.NodeTestTask.executeRecursively(NodeTestTask.java:138)
	at org.junit.platform.engine.support.hierarchical.NodeTestTask.execute(NodeTestTask.java:95)
	at java.base/java.util.ArrayList.forEach(ArrayList.java:1511)
	at org.junit.platform.engine.support.hierarchical.SameThreadHierarchicalTestExecutorService.invokeAll(SameThreadHierarchicalTestExecutorService.java:41)
	at org.junit.platform.engine.support.hierarchical.NodeTestTask.lambda$executeRecursively$6(NodeTestTask.java:155)
	at org.junit.platform.engine.support.hierarchical.ThrowableCollector.execute(ThrowableCollector.java:73)
	at org.junit.platform.engine.support.hierarchical.NodeTestTask.lambda$executeRecursively$8(NodeTestTask.java:141)
	at org.junit.platform.engine.support.hierarchical.Node.around(Node.java:137)
	at org.junit.platform.engine.support.hierarchical.NodeTestTask.lambda$executeRecursively$9(NodeTestTask.java:139)
	at org.junit.platform.engine.support.hierarchical.ThrowableCollector.execute(ThrowableCollector.java:73)
	at org.junit.platform.engine.support.hierarchical.NodeTestTask.executeRecursively(NodeTestTask.java:138)
	at org.junit.platform.engine.support.hierarchical.NodeTestTask.execute(NodeTestTask.java:95)
	at org.junit.platform.engine.support.hierarchical.SameThreadHierarchicalTestExecutorService.submit(SameThreadHierarchicalTestExecutorService.java:35)
	at org.junit.platform.engine.support.hierarchical.HierarchicalTestExecutor.execute(HierarchicalTestExecutor.java:57)
	at org.junit.platform.engine.support.hierarchical.HierarchicalTestEngine.execute(HierarchicalTestEngine.java:54)
	at org.junit.platform.launcher.core.EngineExecutionOrchestrator.execute(EngineExecutionOrchestrator.java:147)
	at org.junit.platform.launcher.core.EngineExecutionOrchestrator.execute(EngineExecutionOrchestrator.java:127)
	at org.junit.platform.launcher.core.EngineExecutionOrchestrator.execute(EngineExecutionOrchestrator.java:90)
	at org.junit.platform.launcher.core.EngineExecutionOrchestrator.lambda$execute$0(EngineExecutionOrchestrator.java:55)
	at org.junit.platform.launcher.core.EngineExecutionOrchestrator.withInterceptedStreams(EngineExecutionOrchestrator.java:102)
	at org.junit.platform.launcher.core.EngineExecutionOrchestrator.execute(EngineExecutionOrchestrator.java:54)
	at org.junit.platform.launcher.core.DefaultLauncher.execute(DefaultLauncher.java:114)
	at org.junit.platform.launcher.core.DefaultLauncher.execute(DefaultLauncher.java:86)
	at org.junit.platform.launcher.core.DefaultLauncherSession$DelegatingLauncher.execute(DefaultLauncherSession.java:86)
	at org.apache.maven.surefire.junitplatform.LazyLauncher.execute(LazyLauncher.java:50)
	at org.apache.maven.surefire.junitplatform.JUnitPlatformProvider.execute(JUnitPlatformProvider.java:184)
	at org.apache.maven.surefire.junitplatform.JUnitPlatformProvider.invokeAllTests(JUnitPlatformProvider.java:148)
	at org.apache.maven.surefire.junitplatform.JUnitPlatformProvider.invoke(JUnitPlatformProvider.java:122)
	at org.apache.maven.surefire.booter.ForkedBooter.runSuitesInProcess(ForkedBooter.java:385)
	at org.apache.maven.surefire.booter.ForkedBooter.execute(ForkedBooter.java:162)
	at org.apache.maven.surefire.booter.ForkedBooter.run(ForkedBooter.java:507)
	at org.apache.maven.surefire.booter.ForkedBooter.main(ForkedBooter.java:495)
]]></failure>
    <system-out><![CDATA[Hibernate: 
    select
        miembro0_.id as id1_17_0_,
        miembro0_.apellido as apellido2_17_0_,
        miembro0_.deptoId as deptoid9_17_0_,
        miembro0_.mail as mail3_17_0_,
        miembro0_.medioNotificacion as medionot4_17_0_,
        miembro0_.nombre as nombre5_17_0_,
        miembro0_.telefono as telefono6_17_0_,
        miembro0_.tipo as tipo7_17_0_,
        miembro0_.ultimaNotificacion as ultimano8_17_0_,
        miembro0_.usuario_id as usuario10_17_0_,
        localizaci1_.id as id1_15_1_,
        localizaci1_.nombre as nombre2_15_1_,
        localizaci1_.provincia_id as provinci1_7_1_,
        localizaci1_.departamento as departam1_21_1_,
        localizaci1_.provincia as provinci2_21_1_,
        localizaci1_.clazz_ as clazz_1_ 
    from
        Miembro miembro0_ 
    left outer join
        (
            select
                id,
                nombre,
                provincia_id,
                null as departamento,
                null as provincia,
                1 as clazz_ 
            from
                Departamento 
            union
            all select
                id,
                nombre,
                null as provincia_id,
                null as departamento,
                null as provincia,
                2 as clazz_ 
            from
                Provincia 
            union
            all select
                id,
                nombre,
                null as provincia_id,
                departamento,
                provincia,
                3 as clazz_ 
            from
                Municipio 
        ) localizaci1_ 
            on miembro0_.deptoId=localizaci1_.id 
    where
        miembro0_.id=?
Hibernate: 
    select
        comunidad0_.id as id1_5_0_ 
    from
        Comunidad comunidad0_ 
    where
        comunidad0_.id=?
Hibernate: 
    select
        comunidade0_.miembro_id as miembro_2_18_0_,
        comunidade0_.comunidad_id as comunida1_18_0_,
        comunidad1_.id as id1_5_1_ 
    from
        miembros_comunidad comunidade0_ 
    inner join
        Comunidad comunidad1_ 
            on comunidade0_.comunidad_id=comunidad1_.id 
    where
        comunidade0_.miembro_id=?
]]></system-out>
  </testcase>
  <testcase name="testAgregarMiembroAComunidad" classname="TestEntities.TestMiembro" time="0.036">
    <system-out><![CDATA[Hibernate: 
    select
        miembros0_.comunidad_id as comunida1_18_0_,
        miembros0_.miembro_id as miembro_2_18_0_,
        miembro1_.id as id1_17_1_,
        miembro1_.apellido as apellido2_17_1_,
        miembro1_.deptoId as deptoid9_17_1_,
        miembro1_.mail as mail3_17_1_,
        miembro1_.medioNotificacion as medionot4_17_1_,
        miembro1_.nombre as nombre5_17_1_,
        miembro1_.telefono as telefono6_17_1_,
        miembro1_.tipo as tipo7_17_1_,
        miembro1_.ultimaNotificacion as ultimano8_17_1_,
        miembro1_.usuario_id as usuario10_17_1_,
        localizaci2_.id as id1_15_2_,
        localizaci2_.nombre as nombre2_15_2_,
        localizaci2_.provincia_id as provinci1_7_2_,
        localizaci2_.departamento as departam1_21_2_,
        localizaci2_.provincia as provinci2_21_2_,
        localizaci2_.clazz_ as clazz_2_ 
    from
        miembros_comunidad miembros0_ 
    inner join
        Miembro miembro1_ 
            on miembros0_.miembro_id=miembro1_.id 
    left outer join
        (
            select
                id,
                nombre,
                provincia_id,
                null as departamento,
                null as provincia,
                1 as clazz_ 
            from
                Departamento 
            union
            all select
                id,
                nombre,
                null as provincia_id,
                null as departamento,
                null as provincia,
                2 as clazz_ 
            from
                Provincia 
            union
            all select
                id,
                nombre,
                null as provincia_id,
                departamento,
                provincia,
                3 as clazz_ 
            from
                Municipio 
        ) localizaci2_ 
            on miembro1_.deptoId=localizaci2_.id 
    where
        miembros0_.comunidad_id=?
Hibernate: 
    delete 
    from
        miembros_comunidad 
    where
        comunidad_id=?
Hibernate: 
    insert 
    into
        miembros_comunidad
        (comunidad_id, miembro_id) 
    values
        (?, ?)
Hibernate: 
    insert 
    into
        miembros_comunidad
        (comunidad_id, miembro_id) 
    values
        (?, ?)
Hibernate: 
    insert 
    into
        miembros_comunidad
        (comunidad_id, miembro_id) 
    values
        (?, ?)
]]></system-out>
  </testcase>
  <testcase name="testVerificarComunidades" classname="TestEntities.TestMiembro" time="0.008">
    <system-out><![CDATA[Hibernate: 
    select
        comunidad0_.id as id1_5_ 
    from
        Comunidad comunidad0_
]]></system-out>
  </testcase>
  <testcase name="testEliminarMiembroDeComunidad" classname="TestEntities.TestMiembro" time="0.005">
    <system-out><![CDATA[Hibernate: 
    select
        miembros0_.comunidad_id as comunida1_18_0_,
        miembros0_.miembro_id as miembro_2_18_0_,
        miembro1_.id as id1_17_1_,
        miembro1_.apellido as apellido2_17_1_,
        miembro1_.deptoId as deptoid9_17_1_,
        miembro1_.mail as mail3_17_1_,
        miembro1_.medioNotificacion as medionot4_17_1_,
        miembro1_.nombre as nombre5_17_1_,
        miembro1_.telefono as telefono6_17_1_,
        miembro1_.tipo as tipo7_17_1_,
        miembro1_.ultimaNotificacion as ultimano8_17_1_,
        miembro1_.usuario_id as usuario10_17_1_,
        localizaci2_.id as id1_15_2_,
        localizaci2_.nombre as nombre2_15_2_,
        localizaci2_.provincia_id as provinci1_7_2_,
        localizaci2_.departamento as departam1_21_2_,
        localizaci2_.provincia as provinci2_21_2_,
        localizaci2_.clazz_ as clazz_2_ 
    from
        miembros_comunidad miembros0_ 
    inner join
        Miembro miembro1_ 
            on miembros0_.miembro_id=miembro1_.id 
    left outer join
        (
            select
                id,
                nombre,
                provincia_id,
                null as departamento,
                null as provincia,
                1 as clazz_ 
            from
                Departamento 
            union
            all select
                id,
                nombre,
                null as provincia_id,
                null as departamento,
                null as provincia,
                2 as clazz_ 
            from
                Provincia 
            union
            all select
                id,
                nombre,
                null as provincia_id,
                departamento,
                provincia,
                3 as clazz_ 
            from
                Municipio 
        ) localizaci2_ 
            on miembro1_.deptoId=localizaci2_.id 
    where
        miembros0_.comunidad_id=?
]]></system-out>
  </testcase>
  <testcase name="testAgregarAdministradorAComunidad" classname="TestEntities.TestMiembro" time="0.014">
    <system-out><![CDATA[Hibernate: 
    select
        miembro0_.id as id1_17_0_,
        miembro0_.apellido as apellido2_17_0_,
        miembro0_.deptoId as deptoid9_17_0_,
        miembro0_.mail as mail3_17_0_,
        miembro0_.medioNotificacion as medionot4_17_0_,
        miembro0_.nombre as nombre5_17_0_,
        miembro0_.telefono as telefono6_17_0_,
        miembro0_.tipo as tipo7_17_0_,
        miembro0_.ultimaNotificacion as ultimano8_17_0_,
        miembro0_.usuario_id as usuario10_17_0_,
        localizaci1_.id as id1_15_1_,
        localizaci1_.nombre as nombre2_15_1_,
        localizaci1_.provincia_id as provinci1_7_1_,
        localizaci1_.departamento as departam1_21_1_,
        localizaci1_.provincia as provinci2_21_1_,
        localizaci1_.clazz_ as clazz_1_ 
    from
        Miembro miembro0_ 
    left outer join
        (
            select
                id,
                nombre,
                provincia_id,
                null as departamento,
                null as provincia,
                1 as clazz_ 
            from
                Departamento 
            union
            all select
                id,
                nombre,
                null as provincia_id,
                null as departamento,
                null as provincia,
                2 as clazz_ 
            from
                Provincia 
            union
            all select
                id,
                nombre,
                null as provincia_id,
                departamento,
                provincia,
                3 as clazz_ 
            from
                Municipio 
        ) localizaci1_ 
            on miembro0_.deptoId=localizaci1_.id 
    where
        miembro0_.id=?
Hibernate: 
    select
        administra0_.comunidad_id as comunida1_0_0_,
        administra0_.miembro_id as miembro_2_0_0_,
        miembro1_.id as id1_17_1_,
        miembro1_.apellido as apellido2_17_1_,
        miembro1_.deptoId as deptoid9_17_1_,
        miembro1_.mail as mail3_17_1_,
        miembro1_.medioNotificacion as medionot4_17_1_,
        miembro1_.nombre as nombre5_17_1_,
        miembro1_.telefono as telefono6_17_1_,
        miembro1_.tipo as tipo7_17_1_,
        miembro1_.ultimaNotificacion as ultimano8_17_1_,
        miembro1_.usuario_id as usuario10_17_1_,
        localizaci2_.id as id1_15_2_,
        localizaci2_.nombre as nombre2_15_2_,
        localizaci2_.provincia_id as provinci1_7_2_,
        localizaci2_.departamento as departam1_21_2_,
        localizaci2_.provincia as provinci2_21_2_,
        localizaci2_.clazz_ as clazz_2_ 
    from
        administrador_comunidad administra0_ 
    inner join
        Miembro miembro1_ 
            on administra0_.miembro_id=miembro1_.id 
    left outer join
        (
            select
                id,
                nombre,
                provincia_id,
                null as departamento,
                null as provincia,
                1 as clazz_ 
            from
                Departamento 
            union
            all select
                id,
                nombre,
                null as provincia_id,
                null as departamento,
                null as provincia,
                2 as clazz_ 
            from
                Provincia 
            union
            all select
                id,
                nombre,
                null as provincia_id,
                departamento,
                provincia,
                3 as clazz_ 
            from
                Municipio 
        ) localizaci2_ 
            on miembro1_.deptoId=localizaci2_.id 
    where
        administra0_.comunidad_id=?
Hibernate: 
    delete 
    from
        administrador_comunidad 
    where
        comunidad_id=?
Hibernate: 
    insert 
    into
        administrador_comunidad
        (comunidad_id, miembro_id) 
    values
        (?, ?)
Hibernate: 
    insert 
    into
        administrador_comunidad
        (comunidad_id, miembro_id) 
    values
        (?, ?)
Hibernate: 
    insert 
    into
        administrador_comunidad
        (comunidad_id, miembro_id) 
    values
        (?, ?)
]]></system-out>
  </testcase>
</testsuite>